<?xml version="1.0" encoding="UTF-8"?>
<robot generator="Robot 6.0.2 (Python 3.10.11 on win32)" generated="20230831 20:05:02.958" rpa="false" schemaversion="3">
<suite id="s1" name="Test" source="D:\Coding\QA\automation-practice\robot\test\bdd\features\test.robot">
<test id="s1-t1" name="CT01:Realizar registro de novo usuário com sucesso" line="13">
<kw name="Abrir Navegador" library="hooks" type="SETUP">
<arg>${URL}</arg>
<kw name="Open Browser" library="SeleniumLibrary">
<arg>${URL}</arg>
<arg>${BROWSER}</arg>
<doc>Opens a new browser instance to the optional ``url``.</doc>
<msg timestamp="20230831 20:05:03.535" level="INFO">Opening browser 'chrome' to base url 'https://www.automationexercise.com/'.</msg>
<status status="PASS" starttime="20230831 20:05:03.534" endtime="20230831 20:05:09.578"/>
</kw>
<kw name="Maximize Browser Window" library="SeleniumLibrary">
<doc>Maximizes current browser window.</doc>
<msg timestamp="20230831 20:05:09.744" level="WARN">Keyword 'Capture Page Screenshot' could not be run on failure: Message: no such window: target window already closed
from unknown error: web view not found
  (Session info: chrome=116.0.5845.112)
Stacktrace:
	GetHandleVerifier [0x00007FF6B82852A2+57122]
	(No symbol) [0x00007FF6B81FEA92]
	(No symbol) [0x00007FF6B80CE3AB]
	(No symbol) [0x00007FF6B80AE1B9]
	(No symbol) [0x00007FF6B812B417]
	(No symbol) [0x00007FF6B813E24F]
	(No symbol) [0x00007FF6B8126DB3]
	(No symbol) [0x00007FF6B80FD2B1]
	(No symbol) [0x00007FF6B80FE494]
	GetHandleVerifier [0x00007FF6B852EF82+2849794]
	GetHandleVerifier [0x00007FF6B8581D24+3189156]
	GetHandleVerifier [0x00007FF6B857ACAF+3160367]
	GetHandleVerifier [0x00007FF6B8316D06+653702]
	(No symbol) [0x00007FF6B820A208]
	(No symbol) [0x00007FF6B82062C4]
	(No symbol) [0x00007FF6B82063F6]
	(No symbol) [0x00007FF6B81F67A3]
	BaseThreadInitThunk [0x00007FFD19B37614+20]
	RtlUserThreadStart [0x00007FFD1B1A26B1+33]
</msg>
<msg timestamp="20230831 20:05:09.802" level="FAIL">NoSuchWindowException: Message: no such window: target window already closed
from unknown error: web view not found
  (Session info: chrome=116.0.5845.112)
Stacktrace:
	GetHandleVerifier [0x00007FF6B82852A2+57122]
	(No symbol) [0x00007FF6B81FEA92]
	(No symbol) [0x00007FF6B80CE3AB]
	(No symbol) [0x00007FF6B80AE1B9]
	(No symbol) [0x00007FF6B812B417]
	(No symbol) [0x00007FF6B813E24F]
	(No symbol) [0x00007FF6B8126DB3]
	(No symbol) [0x00007FF6B80FD2B1]
	(No symbol) [0x00007FF6B80FE494]
	GetHandleVerifier [0x00007FF6B852EF82+2849794]
	GetHandleVerifier [0x00007FF6B8581D24+3189156]
	GetHandleVerifier [0x00007FF6B857ACAF+3160367]
	GetHandleVerifier [0x00007FF6B8316D06+653702]
	(No symbol) [0x00007FF6B820A208]
	(No symbol) [0x00007FF6B82062C4]
	(No symbol) [0x00007FF6B82063F6]
	(No symbol) [0x00007FF6B81F67A3]
	BaseThreadInitThunk [0x00007FFD19B37614+20]
	RtlUserThreadStart [0x00007FFD1B1A26B1+33]
</msg>
<status status="FAIL" starttime="20230831 20:05:09.578" endtime="20230831 20:05:10.113"/>
</kw>
<status status="FAIL" starttime="20230831 20:05:03.534" endtime="20230831 20:05:10.113"/>
</kw>
<kw name="Fechar Navegador" library="hooks" type="TEARDOWN">
<kw name="Close Browser" library="SeleniumLibrary">
<doc>Closes the current browser.</doc>
<msg timestamp="20230831 20:05:11.356" level="ERROR">When closing browser, received exception: Execution terminated by signal</msg>
<msg timestamp="20230831 20:05:11.358" level="INFO">Cannot capture screenshot because no browser is open.</msg>
<status status="FAIL" starttime="20230831 20:05:10.119" endtime="20230831 20:05:11.358"/>
</kw>
<status status="FAIL" starttime="20230831 20:05:10.119" endtime="20230831 20:05:11.358">Execution terminated by signal</status>
</kw>
<tag>ct01</tag>
<status status="FAIL" starttime="20230831 20:05:03.533" endtime="20230831 20:05:11.359">Setup failed:
NoSuchWindowException: Message: no such window: target window already closed
from unknown error: web view not found
  (Session info: chrome=116.0.5845.112)
Stacktrace:
	GetHandleVerifier [0x00007FF6B82852A2+57122]
	(No symbol) [0x00007FF6B81FEA92]
	(No symbol) [0x00007FF6B80CE3AB]
	(No symbol) [0x00007FF6B80AE1B9]
	(No symbol) [0x00007FF6B812B417]
	(No symbol) [0x00007FF6B813E24F]
	(No symbol) [0x00007FF6B8126DB3]
	(No symbol) [0x00007FF6B80FD2B1]
	(No symbol) [0x00007FF6B80FE494]
	GetHandleVerifier [0x00007FF6B852EF82+2849794]
	GetHandleVerifier [0x00007FF6B8581D24+3189156]
	GetHandleVerifier [0x00007FF6B857ACAF+3160367]
	GetHandleVerifier [0x00007FF6B8316D06+653702]
	(No symbol) [0x00007FF6B820A208]
	(No symbol) [0x00007FF6B82062C4]
	(No symbol) [0x00007FF6B82063F6]
	(No symbol) [0x00007FF6B81F67A3]
	BaseThreadInitThunk [0x00007FFD19B37614+20]
	RtlUserThreadStart [0x00007FFD1B1A26B1+33]


Also teardown failed:
Execution terminated by signal</status>
</test>
<test id="s1-t2" name="CT02:Realizar login com usuário e senha corretos" line="22">
<tag>ct02</tag>
<tag>robot:exit</tag>
<status status="FAIL" starttime="20230831 20:05:11.367" endtime="20230831 20:05:11.367">Test execution stopped due to a fatal error.</status>
</test>
<test id="s1-t3" name="CT03:Excluir conta com sucesso" line="29">
<tag>ct03</tag>
<tag>robot:exit</tag>
<status status="FAIL" starttime="20230831 20:05:11.370" endtime="20230831 20:05:11.374">Test execution stopped due to a fatal error.</status>
</test>
<status status="FAIL" starttime="20230831 20:05:02.963" endtime="20230831 20:05:11.377"/>
</suite>
<statistics>
<total>
<stat pass="0" fail="3" skip="0">All Tests</stat>
</total>
<tag>
<stat pass="0" fail="1" skip="0" info="combined" combined="NOT robot:exit">NOT robot:exit</stat>
<stat pass="0" fail="1" skip="0">ct01</stat>
<stat pass="0" fail="1" skip="0">ct02</stat>
<stat pass="0" fail="1" skip="0">ct03</stat>
</tag>
<suite>
<stat pass="0" fail="3" skip="0" id="s1" name="Test">Test</stat>
</suite>
</statistics>
<errors>
<msg timestamp="20230831 20:05:09.744" level="WARN">Keyword 'Capture Page Screenshot' could not be run on failure: Message: no such window: target window already closed
from unknown error: web view not found
  (Session info: chrome=116.0.5845.112)
Stacktrace:
	GetHandleVerifier [0x00007FF6B82852A2+57122]
	(No symbol) [0x00007FF6B81FEA92]
	(No symbol) [0x00007FF6B80CE3AB]
	(No symbol) [0x00007FF6B80AE1B9]
	(No symbol) [0x00007FF6B812B417]
	(No symbol) [0x00007FF6B813E24F]
	(No symbol) [0x00007FF6B8126DB3]
	(No symbol) [0x00007FF6B80FD2B1]
	(No symbol) [0x00007FF6B80FE494]
	GetHandleVerifier [0x00007FF6B852EF82+2849794]
	GetHandleVerifier [0x00007FF6B8581D24+3189156]
	GetHandleVerifier [0x00007FF6B857ACAF+3160367]
	GetHandleVerifier [0x00007FF6B8316D06+653702]
	(No symbol) [0x00007FF6B820A208]
	(No symbol) [0x00007FF6B82062C4]
	(No symbol) [0x00007FF6B82063F6]
	(No symbol) [0x00007FF6B81F67A3]
	BaseThreadInitThunk [0x00007FFD19B37614+20]
	RtlUserThreadStart [0x00007FFD1B1A26B1+33]
</msg>
<msg timestamp="20230831 20:05:11.356" level="ERROR">When closing browser, received exception: Execution terminated by signal</msg>
</errors>
</robot>
